{"C:\\Users\\Hp\\Test\\cloneArray.js": {"path":"C:\\Users\\Hp\\Test\\cloneArray.js","statementMap":{},"fnMap":{},"branchMap":{},"s":{},"f":{},"b":{},"_coverageSchema":"1a1c01bbd47fc00a2c39e90264f33305004495a9","hash":"e2e99046815307b0561433f91fafa6315a2ff2ba"}
,"C:\\Users\\Hp\\Test\\sum.js": {"path":"C:\\Users\\Hp\\Test\\sum.js","statementMap":{"0":{"start":{"line":2,"column":4},"end":{"line":2,"column":16}},"1":{"start":{"line":4,"column":0},"end":{"line":4,"column":20}}},"fnMap":{"0":{"name":"sum","decl":{"start":{"line":1,"column":9},"end":{"line":1,"column":12}},"loc":{"start":{"line":1,"column":18},"end":{"line":3,"column":1}},"line":1}},"branchMap":{},"s":{"0":1,"1":1},"f":{"0":1},"b":{},"_coverageSchema":"1a1c01bbd47fc00a2c39e90264f33305004495a9","hash":"6fece1acf2183afe767ed6a38a798ae2d54d1c3d"}
}
